<?xml version="1.0" encoding="UTF-8"?>
<!-- Generated by org.testng.reporters.JUnitReportReporter -->
<testsuite hostname="Saurabh-PC" name="com.qa.tests.GetAPITest" tests="2" failures="0" timestamp="25 Dec 2018 15:45:54 GMT" time="9.291" errors="0">
  <testcase name="getAPITest" time="7.406" classname="com.qa.tests.GetAPITest"/>
  <testcase name="getAPIWithHeaderTest" time="1.885" classname="com.qa.tests.GetAPITest"/>
</testsuite> <!-- com.qa.tests.GetAPITest -->
