<?xml version="1.0" encoding="UTF-8"?>
<!-- Generated by org.testng.reporters.JUnitReportReporter -->
<testsuite hostname="Saurabh-PC" name="com.qa.tests.PostAPITest" tests="1" failures="0" timestamp="25 Dec 2018 18:22:39 GMT" time="18.377" errors="0">
  <testcase name="postAPITest" time="18.377" classname="com.qa.tests.PostAPITest"/>
</testsuite> <!-- com.qa.tests.PostAPITest -->
